Picked up JAVA_TOOL_OPTIONS: -Dstdout.encoding=UTF-8 -Dstderr.encoding=UTF-8
[0.014s][warning][cds] This file is not the one used while building the shared archive file: C:\Users\LENOVO\AppData\Roaming\Code\User\globalStorage\pleiades.java-extension-pack-jdk\java\21\lib\modules
[0.014s][warning][cds] This file is not the one used while building the shared archive file: C:\Users\LENOVO\AppData\Roaming\Code\User\globalStorage\pleiades.java-extension-pack-jdk\java\21\lib\modules
[0.014s][warning][cds] C:\Users\LENOVO\AppData\Roaming\Code\User\globalStorage\pleiades.java-extension-pack-jdk\java\21\lib\modules size has changed.
[INFO] Scanning for projects...
[INFO] 
[INFO] ----------------< com.mediconnect:mediconnect-backend >-----------------
[INFO] Building MediConnect Backend 1.0.0
[INFO]   from pom.xml
[INFO] --------------------------------[ jar ]---------------------------------
[INFO] 
[INFO] >>> spring-boot:3.2.0:run (default-cli) > test-compile @ mediconnect-backend >>>
[INFO] 
[INFO] --- resources:3.3.1:resources (default-resources) @ mediconnect-backend ---
[INFO] Copying 1 resource from src\main\resources to target\classes
[INFO] Copying 2 resources from src\main\resources to target\classes
[INFO] 
[INFO] --- compiler:3.11.0:compile (default-compile) @ mediconnect-backend ---
[INFO] Nothing to compile - all classes are up to date
[INFO] 
[INFO] --- resources:3.3.1:testResources (default-testResources) @ mediconnect-backend ---
[INFO] skip non existing resourceDirectory C:\Users\LENOVO\Desktop\project\MediConnect\mediconnect backend\src\test\resources
[INFO] 
[INFO] --- compiler:3.11.0:testCompile (default-testCompile) @ mediconnect-backend ---
[INFO] No sources to compile
[INFO] 
[INFO] <<< spring-boot:3.2.0:run (default-cli) < test-compile @ mediconnect-backend <<<
[INFO] 
[INFO] 
[INFO] --- spring-boot:3.2.0:run (default-cli) @ mediconnect-backend ---
[INFO] Attaching agents: []
Picked up JAVA_TOOL_OPTIONS: -Dstdout.encoding=UTF-8 -Dstderr.encoding=UTF-8
[0.014s][warning][cds] This file is not the one used while building the shared archive file: C:\Users\LENOVO\AppData\Roaming\Code\User\globalStorage\pleiades.java-extension-pack-jdk\java\21\lib\modules
[0.014s][warning][cds] This file is not the one used while building the shared archive file: C:\Users\LENOVO\AppData\Roaming\Code\User\globalStorage\pleiades.java-extension-pack-jdk\java\21\lib\modules
[0.014s][warning][cds] C:\Users\LENOVO\AppData\Roaming\Code\User\globalStorage\pleiades.java-extension-pack-jdk\java\21\lib\modules size has changed.

  .   ____          _            __ _ _
 /\\ / ___'_ __ _ _(_)_ __  __ _ \ \ \ \
( ( )\___ | '_ | '_| | '_ \/ _` | \ \ \ \
 \\/  ___)| |_)| | | | | || (_| |  ) ) ) )
  '  |____| .__|_| |_|_| |_\__, | / / / /
 =========|_|==============|___/=/_/_/_/
 :: Spring Boot ::                (v3.2.0)

2026-04-09T14:54:27.752+02:00  INFO 16192 --- [           main] com.mediconnect.MediConnectApplication   : Starting MediConnectApplication using Java 21.0.9 with PID 16192 (C:\Users\LENOVO\Desktop\project\MediConnect\mediconnect backend\target\classes started by LENOVO in C:\Users\LENOVO\Desktop\project\MediConnect\mediconnect backend)
2026-04-09T14:54:27.753+02:00  INFO 16192 --- [           main] com.mediconnect.MediConnectApplication   : No active profile set, falling back to 1 default profile: "default"
2026-04-09T14:54:28.351+02:00  INFO 16192 --- [           main] .s.d.r.c.RepositoryConfigurationDelegate : Bootstrapping Spring Data JPA repositories in DEFAULT mode.
2026-04-09T14:54:28.414+02:00  INFO 16192 --- [           main] .s.d.r.c.RepositoryConfigurationDelegate : Finished Spring Data repository scanning in 58 ms. Found 10 JPA repository interfaces.
2026-04-09T14:54:28.887+02:00  INFO 16192 --- [           main] o.s.b.w.embedded.tomcat.TomcatWebServer  : Tomcat initialized with port 8081 (http)
2026-04-09T14:54:28.894+02:00  INFO 16192 --- [           main] o.apache.catalina.core.StandardService   : Starting service [Tomcat]
2026-04-09T14:54:28.894+02:00  INFO 16192 --- [           main] o.apache.catalina.core.StandardEngine    : Starting Servlet engine: [Apache Tomcat/10.1.16]
2026-04-09T14:54:28.937+02:00  INFO 16192 --- [           main] o.a.c.c.C.[Tomcat].[localhost].[/api]    : Initializing Spring embedded WebApplicationContext
2026-04-09T14:54:28.938+02:00  INFO 16192 --- [           main] w.s.c.ServletWebServerApplicationContext : Root WebApplicationContext: initialization completed in 1156 ms
2026-04-09T14:54:28.998+02:00  INFO 16192 --- [           main] com.zaxxer.hikari.HikariDataSource       : HikariPool-1 - Starting...
2026-04-09T14:54:29.118+02:00  INFO 16192 --- [           main] com.zaxxer.hikari.pool.HikariPool        : HikariPool-1 - Added connection org.postgresql.jdbc.PgConnection@448ade1
2026-04-09T14:54:29.119+02:00  INFO 16192 --- [           main] com.zaxxer.hikari.HikariDataSource       : HikariPool-1 - Start completed.
2026-04-09T14:54:29.165+02:00  INFO 16192 --- [           main] o.f.c.internal.license.VersionPrinter    : Flyway Community Edition 9.22.3 by Redgate
2026-04-09T14:54:29.165+02:00  INFO 16192 --- [           main] o.f.c.internal.license.VersionPrinter    : See release notes here: https://rd.gt/416ObMi
2026-04-09T14:54:29.165+02:00  INFO 16192 --- [           main] o.f.c.internal.license.VersionPrinter    : 
2026-04-09T14:54:29.176+02:00  INFO 16192 --- [           main] org.flywaydb.core.FlywayExecutor         : Database: jdbc:postgresql://localhost:5432/mediconnect_db (PostgreSQL 18.0)
2026-04-09T14:54:29.181+02:00  WARN 16192 --- [           main] o.f.c.internal.database.base.Database    : Flyway upgrade recommended: PostgreSQL 18.0 is newer than this version of Flyway and support has not been tested. The latest supported version of PostgreSQL is 15.
2026-04-09T14:54:29.205+02:00  INFO 16192 --- [           main] o.f.core.internal.command.DbValidate     : Successfully validated 2 migrations (execution time 00:00.016s)
2026-04-09T14:54:29.369+02:00  INFO 16192 --- [           main] o.f.core.internal.command.DbMigrate      : Current version of schema "public": 2
2026-04-09T14:54:29.371+02:00  INFO 16192 --- [           main] o.f.core.internal.command.DbMigrate      : Schema "public" is up to date. No migration necessary.
2026-04-09T14:54:29.469+02:00  INFO 16192 --- [           main] o.hibernate.jpa.internal.util.LogHelper  : HHH000204: Processing PersistenceUnitInfo [name: default]
2026-04-09T14:54:29.507+02:00  INFO 16192 --- [           main] org.hibernate.Version                    : HHH000412: Hibernate ORM core version 6.3.1.Final
2026-04-09T14:54:29.537+02:00  INFO 16192 --- [           main] o.h.c.internal.RegionFactoryInitiator    : HHH000026: Second-level cache disabled
2026-04-09T14:54:29.711+02:00  INFO 16192 --- [           main] o.s.o.j.p.SpringPersistenceUnitInfo      : No LoadTimeWeaver setup: ignoring JPA class transformer
2026-04-09T14:54:29.744+02:00  WARN 16192 --- [           main] org.hibernate.orm.deprecation            : HHH90000025: PostgreSQLDialect does not need to be specified explicitly using 'hibernate.dialect' (remove the property setting and it will be selected by default)
2026-04-09T14:54:30.550+02:00  INFO 16192 --- [           main] o.h.e.t.j.p.i.JtaPlatformInitiator       : HHH000489: No JTA platform available (set 'hibernate.transaction.jta.platform' to enable JTA platform integration)
2026-04-09T14:54:30.587+02:00  INFO 16192 --- [           main] j.LocalContainerEntityManagerFactoryBean : Initialized JPA EntityManagerFactory for persistence unit 'default'
2026-04-09T14:54:30.900+02:00  INFO 16192 --- [           main] o.s.d.j.r.query.QueryEnhancerFactory     : Hibernate is in classpath; If applicable, HQL parser will be used.
2026-04-09T14:54:32.037+02:00  INFO 16192 --- [           main] o.s.s.web.DefaultSecurityFilterChain     : Will secure any request with [org.springframework.security.web.session.DisableEncodeUrlFilter@6b0e9e, org.springframework.security.web.context.request.async.WebAsyncManagerIntegrationFilter@58984698, org.springframework.security.web.context.SecurityContextHolderFilter@419b48cd, org.springframework.security.web.header.HeaderWriterFilter@4064fbdf, org.springframework.web.filter.CorsFilter@52029f28, org.springframework.security.web.authentication.logout.LogoutFilter@1efdefcc, com.mediconnect.security.JwtAuthenticationFilter@374013e8, org.springframework.security.web.savedrequest.RequestCacheAwareFilter@a6c6b0d, org.springframework.security.web.servletapi.SecurityContextHolderAwareRequestFilter@36472c2c, org.springframework.security.web.authentication.AnonymousAuthenticationFilter@3589425d, org.springframework.security.web.session.SessionManagementFilter@206e46bc, org.springframework.security.web.access.ExceptionTranslationFilter@5d6c74de, org.springframework.security.web.access.intercept.AuthorizationFilter@59302368]
2026-04-09T14:54:32.338+02:00  INFO 16192 --- [           main] o.s.b.w.embedded.tomcat.TomcatWebServer  : Tomcat started on port 8081 (http) with context path '/api'
2026-04-09T14:54:32.341+02:00  INFO 16192 --- [           main] o.s.m.s.b.SimpleBrokerMessageHandler     : Starting...
2026-04-09T14:54:32.345+02:00  INFO 16192 --- [           main] o.s.m.s.b.SimpleBrokerMessageHandler     : BrokerAvailabilityEvent[available=true, SimpleBrokerMessageHandler [org.springframework.messaging.simp.broker.DefaultSubscriptionRegistry@4b9f2522]]
2026-04-09T14:54:32.346+02:00  INFO 16192 --- [           main] o.s.m.s.b.SimpleBrokerMessageHandler     : Started.
2026-04-09T14:54:32.354+02:00  INFO 16192 --- [           main] com.mediconnect.MediConnectApplication   : Started MediConnectApplication in 4.864 seconds (process running for 5.14)
2026-04-09T14:55:32.337+02:00  INFO 16192 --- [MessageBroker-1] o.s.w.s.c.WebSocketMessageBrokerStats    : WebSocketSession[0 current WS(0)-HttpStream(0)-HttpPoll(0), 0 total, 0 closed abnormally (0 connect failure, 0 send limit, 0 transport error)], stompSubProtocol[processed CONNECT(0)-CONNECTED(0)-DISCONNECT(0)], stompBrokerRelay[null], inboundChannel[pool size = 0, active threads = 0, queued tasks = 0, completed tasks = 0], outboundChannel[pool size = 0, active threads = 0, queued tasks = 0, completed tasks = 0], sockJsScheduler[pool size = 1, active threads = 1, queued tasks = 0, completed tasks = 0]
2026-04-09T15:25:32.349+02:00  INFO 16192 --- [MessageBroker-1] o.s.w.s.c.WebSocketMessageBrokerStats    : WebSocketSession[0 current WS(0)-HttpStream(0)-HttpPoll(0), 0 total, 0 closed abnormally (0 connect failure, 0 send limit, 0 transport error)], stompSubProtocol[processed CONNECT(0)-CONNECTED(0)-DISCONNECT(0)], stompBrokerRelay[null], inboundChannel[pool size = 0, active threads = 0, queued tasks = 0, completed tasks = 0], outboundChannel[pool size = 0, active threads = 0, queued tasks = 0, completed tasks = 0], sockJsScheduler[pool size = 2, active threads = 1, queued tasks = 0, completed tasks = 1]
